<?xml version="1.0" encoding="UTF-8"?>
<!-- Generated by org.testng.reporters.JUnitXMLReporter -->
<testsuite hostname="DESKTOP-E949NNJ" ignored="0" name="Command line test" tests="6" failures="0" timestamp="2020-06-08T22:23:41 IST" time="0.117" errors="0">
  <testcase name="iosApps" time="0.008" classname="MavenTutorial.Mavenjava.AppiuMTest"/>
  <testcase name="nativeAppAndroid" time="0.004" classname="MavenTutorial.Mavenjava.AppiuMTest"/>
  <testcase name="deleteTwwitter" time="0.001" classname="MavenTutorial.Mavenjava.RestApiTest"/>
  <testcase name="postJira" time="0.0" classname="MavenTutorial.Mavenjava.RestApiTest"/>
  <testcase name="browserTest" time="0.016" classname="MavenTutorial.Mavenjava.SeleniumTest"/>
  <testcase name="elementsUi" time="0.001" classname="MavenTutorial.Mavenjava.SeleniumTest"/>
</testsuite> <!-- Command line test -->
