<?xml version="1.0" encoding="UTF-8"?>
<!-- Generated by org.testng.reporters.JUnitXMLReporter -->
<testsuite hostname="DESKTOP-E949NNJ" ignored="0" name="Test" tests="4" failures="0" timestamp="2020-06-08T22:25:57 IST" time="0.084" errors="0">
  <testcase name="deleteTwwitter" time="0.006" classname="MavenTutorial.Mavenjava.RestApiTest"/>
  <testcase name="postJira" time="0.0" classname="MavenTutorial.Mavenjava.RestApiTest"/>
  <testcase name="browserTest" time="0.001" classname="MavenTutorial.Mavenjava.SeleniumTest"/>
  <testcase name="elementsUi" time="0.001" classname="MavenTutorial.Mavenjava.SeleniumTest"/>
</testsuite> <!-- Test -->
